This is XeTeX, Version 3.14159265-2.6-0.99992 (MiKTeX 2.9 64-bit) (preloaded format=xelatex 2015.9.9)  17 NOV 2016 23:47
entering extended mode
**Lecture_Records.tex
(Lecture_Records.tex
LaTeX2e <2015/01/01> patch level 2
Babel <3.9m> and hyphenation patterns for 69 languages loaded.
(C:\Users\·\AppData\Roaming\MiKTeX\2.9\tex\latex\extsizes\extarticle.cls
Document Class: extarticle 1996/10/08 v1.0 Non Standard LaTeX document class
("C:\Program Files\MiKTeX\tex\latex\base\size12.clo"
File: size12.clo 2014/09/29 v1.4h Standard LaTeX file (size option)
Requested font "cmr12" at 12.0pt
)
("C:\Program Files\MiKTeX\tex\latex\base\exscale.sty"
Package: exscale 2014/09/29 v2.1h Standard LaTeX package exscale
LaTeX Font Info:    Redeclaring symbol font `largesymbols' on input line 57.
LaTeX Font Info:    Overwriting symbol font `largesymbols' in version `normal'
(Font)                  OMX/cmex/m/n --> OMX/cmex/m/n on input line 57.
LaTeX Font Info:    Overwriting symbol font `largesymbols' in version `bold'
(Font)                  OMX/cmex/m/n --> OMX/cmex/m/n on input line 57.
\big@size=\dimen102
)
\c@part=\count80
\c@section=\count81
\c@subsection=\count82
\c@subsubsection=\count83
\c@paragraph=\count84
\c@subparagraph=\count85
\c@figure=\count86
\c@table=\count87
\abovecaptionskip=\skip41
\belowcaptionskip=\skip42
\bibindent=\dimen103
) (GS7.sty
("C:\Program Files\MiKTeX\tex\latex\amsmath\amsmath.sty"
Package: amsmath 2013/01/14 v2.14 AMS math features
\@mathmargin=\skip43

For additional information on amsmath, use the `?' option.
("C:\Program Files\MiKTeX\tex\latex\amsmath\amstext.sty"
Package: amstext 2000/06/29 v2.01

("C:\Program Files\MiKTeX\tex\latex\amsmath\amsgen.sty"
File: amsgen.sty 1999/11/30 v2.0
\@emptytoks=\toks14
\ex@=\dimen104
))
("C:\Program Files\MiKTeX\tex\latex\amsmath\amsbsy.sty"
Package: amsbsy 1999/11/29 v1.2d
\pmbraise@=\dimen105
)
("C:\Program Files\MiKTeX\tex\latex\amsmath\amsopn.sty"
Package: amsopn 1999/12/14 v2.01 operator names
)
\inf@bad=\count88
LaTeX Info: Redefining \frac on input line 210.
\uproot@=\count89
\leftroot@=\count90
LaTeX Info: Redefining \overline on input line 306.
\classnum@=\count91
\DOTSCASE@=\count92
LaTeX Info: Redefining \ldots on input line 378.
LaTeX Info: Redefining \dots on input line 381.
LaTeX Info: Redefining \cdots on input line 466.
\Mathstrutbox@=\box26
\strutbox@=\box27
\big@size=\dimen106
LaTeX Font Info:    Redeclaring font encoding OML on input line 566.
LaTeX Font Info:    Redeclaring font encoding OMS on input line 567.
\macc@depth=\count93
\c@MaxMatrixCols=\count94
\dotsspace@=\muskip10
\c@parentequation=\count95
\dspbrk@lvl=\count96
\tag@help=\toks15
\row@=\count97
\column@=\count98
\maxfields@=\count99
\andhelp@=\toks16
\eqnshift@=\dimen107
\alignsep@=\dimen108
\tagshift@=\dimen109
\tagwidth@=\dimen110
\totwidth@=\dimen111
\lineht@=\dimen112
\@envbody=\toks17
\multlinegap=\skip44
\multlinetaggap=\skip45
\mathdisplay@stack=\toks18
LaTeX Info: Redefining \[ on input line 2665.
LaTeX Info: Redefining \] on input line 2666.
)
("C:\Program Files\MiKTeX\tex\latex\amsfonts\amssymb.sty"
Package: amssymb 2013/01/14 v3.01 AMS font symbols

("C:\Program Files\MiKTeX\tex\latex\amsfonts\amsfonts.sty"
Package: amsfonts 2013/01/14 v3.01 Basic AMSFonts support
\symAMSa=\mathgroup4
\symAMSb=\mathgroup5
LaTeX Font Info:    Overwriting math alphabet `\mathfrak' in version `bold'
(Font)                  U/euf/m/n --> U/euf/b/n on input line 106.
))
("C:\Program Files\MiKTeX\tex\latex\tools\indentfirst.sty"
Package: indentfirst 1995/11/23 v1.03 Indent first paragraph (DPC)
)
("C:\Program Files\MiKTeX\tex\latex\xltxtra\xltxtra.sty"
Package: xltxtra 2010/09/20 v0.5e Improvements for the "XeLaTeX" format

("C:\Program Files\MiKTeX\tex\generic\oberdiek\ifluatex.sty"
Package: ifluatex 2010/03/01 v1.3 Provides the ifluatex switch (HO)
Package ifluatex Info: LuaTeX not detected.
)
("C:\Program Files\MiKTeX\tex\generic\ifxetex\ifxetex.sty"
Package: ifxetex 2010/09/12 v0.6 Provides ifxetex conditional
)
("C:\Program Files\MiKTeX\tex\latex\fontspec\fontspec.sty"
Package: fontspec 2015/07/22 v2.4d Font selection for XeLaTeX and LuaLaTeX

("C:\Program Files\MiKTeX\tex\latex\l3kernel\expl3.sty"
Package: expl3 2015/09/06 v5925 L3 programming layer (loader) 

("C:\Program Files\MiKTeX\tex\latex\l3kernel\expl3-code.tex"
Package: expl3 2015/09/06 v5925 L3 programming layer (code) 
L3 Module: l3bootstrap 2015/07/31 v5729 L3 Bootstrap code
L3 Module: l3names 2015/08/17 v5848 L3 Namespace for primitives
L3 Module: l3basics 2015/08/28 v5897 L3 Basic definitions
L3 Module: l3expan 2015/08/28 v5897 L3 Argument expansion
L3 Module: l3tl 2015/09/02 v5908 L3 Token lists
L3 Module: l3str 2015/09/05 v5920 L3 Strings
L3 Module: l3seq 2015/08/05 v5777 L3 Sequences and stacks
L3 Module: l3int 2015/08/24 v5885 L3 Integers
\c_max_int=\count100
\l_tmpa_int=\count101
\l_tmpb_int=\count102
\g_tmpa_int=\count103
\g_tmpb_int=\count104
L3 Module: l3quark 2015/08/17 v5855 L3 Quarks
L3 Module: l3prg 2015/08/25 v5891 L3 Control structures
\g__prg_map_int=\count105
L3 Module: l3clist 2015/09/02 v5901 L3 Comma separated lists
L3 Module: l3token 2015/08/26 v5893 L3 Experimental token manipulation
L3 Module: l3prop 2015/08/05 v5777 L3 Property lists
L3 Module: l3msg 2015/08/25 v5891 L3 Messages
L3 Module: l3file 2015/08/05 v5786 L3 File and I/O operations
\l_iow_line_count_int=\count106
\l__iow_target_count_int=\count107
\l__iow_current_line_int=\count108
\l__iow_current_word_int=\count109
\l__iow_current_indentation_int=\count110
L3 Module: l3skip 2015/08/26 v5893 L3 Dimensions and skips
\c_zero_dim=\dimen113
\c_max_dim=\dimen114
\l_tmpa_dim=\dimen115
\l_tmpb_dim=\dimen116
\g_tmpa_dim=\dimen117
\g_tmpb_dim=\dimen118
\c_zero_skip=\skip46
\c_max_skip=\skip47
\l_tmpa_skip=\skip48
\l_tmpb_skip=\skip49
\g_tmpa_skip=\skip50
\g_tmpb_skip=\skip51
\c_zero_muskip=\muskip11
\c_max_muskip=\muskip12
\l_tmpa_muskip=\muskip13
\l_tmpb_muskip=\muskip14
\g_tmpa_muskip=\muskip15
\g_tmpb_muskip=\muskip16
L3 Module: l3keys 2015/08/20 v5869 L3 Key-value interfaces
\g__keyval_level_int=\count111
\l_keys_choice_int=\count112
L3 Module: l3fp 2015/08/25 v5890 L3 Floating points
\c__fp_leading_shift_int=\count113
\c__fp_middle_shift_int=\count114
\c__fp_trailing_shift_int=\count115
\c__fp_big_leading_shift_int=\count116
\c__fp_big_middle_shift_int=\count117
\c__fp_big_trailing_shift_int=\count118
\c__fp_Bigg_leading_shift_int=\count119
\c__fp_Bigg_middle_shift_int=\count120
\c__fp_Bigg_trailing_shift_int=\count121
L3 Module: l3box 2015/08/09 v5822 L3 Experimental boxes
\c_empty_box=\box28
\l_tmpa_box=\box29
\l_tmpb_box=\box30
\g_tmpa_box=\box31
\g_tmpb_box=\box32
L3 Module: l3coffins 2015/08/06 v5789 L3 Coffin code layer
\l__coffin_internal_box=\box33
\l__coffin_internal_dim=\dimen119
\l__coffin_offset_x_dim=\dimen120
\l__coffin_offset_y_dim=\dimen121
\l__coffin_x_dim=\dimen122
\l__coffin_y_dim=\dimen123
\l__coffin_x_prime_dim=\dimen124
\l__coffin_y_prime_dim=\dimen125
\c_empty_coffin=\box34
\l__coffin_aligned_coffin=\box35
\l__coffin_aligned_internal_coffin=\box36
\l_tmpa_coffin=\box37
\l_tmpb_coffin=\box38
\l__coffin_display_coffin=\box39
\l__coffin_display_coord_coffin=\box40
\l__coffin_display_pole_coffin=\box41
\l__coffin_display_offset_dim=\dimen126
\l__coffin_display_x_dim=\dimen127
\l__coffin_display_y_dim=\dimen128
L3 Module: l3color 2014/08/23 v5354 L3 Experimental color support
L3 Module: l3candidates 2015/09/03 v5911 L3 Experimental additions to l3kernel
\l__box_top_dim=\dimen129
\l__box_bottom_dim=\dimen130
\l__box_left_dim=\dimen131
\l__box_right_dim=\dimen132
\l__box_top_new_dim=\dimen133
\l__box_bottom_new_dim=\dimen134
\l__box_left_new_dim=\dimen135
\l__box_right_new_dim=\dimen136
\l__box_internal_box=\box42
\l__coffin_bounding_shift_dim=\dimen137
\l__coffin_left_corner_dim=\dimen138
\l__coffin_right_corner_dim=\dimen139
\l__coffin_bottom_corner_dim=\dimen140
\l__coffin_top_corner_dim=\dimen141
\l__coffin_scaled_total_height_dim=\dimen142
\l__coffin_scaled_width_dim=\dimen143
L3 Module: l3luatex 2015/06/30 v5646 L3 Experimental LuaTeX-specific functions
)
("C:\Program Files\MiKTeX\tex\latex\l3kernel\l3unicode-data.def"
File: l3unicode-data.def 2015/07/20 v5676 L3 Unicode data
)
("C:\Program Files\MiKTeX\tex\latex\l3kernel\l3xdvipdfmx.def"
File: l3xdvidpfmx.def 2015/06/30 v5646 L3 Experimental driver: xdvipdfmx
))
("C:\Program Files\MiKTeX\tex\latex\l3packages\xparse\xparse.sty"
Package: xparse 2015/09/06 v5925 L3 Experimental document command parser
\l__xparse_current_arg_int=\count122
\l__xparse_m_args_int=\count123
\l__xparse_mandatory_args_int=\count124
\l__xparse_processor_int=\count125
\l__xparse_v_nesting_int=\count126
)
\l_fontspec_script_int=\count127
\l_fontspec_language_int=\count128
\l_fontspec_strnum_int=\count129
\l__fontspec_tmpa_dim=\dimen144
\l__fontspec_tmpb_dim=\dimen145
\l__fontspec_tmpc_dim=\dimen146

("C:\Program Files\MiKTeX\tex\latex\fontspec\fontspec-patches.sty"
Package: fontspec-patches 2015/07/22 v2.4d Font selection for XeLaTeX and LuaLa
TeX
LaTeX Info: Redefining \em on input line 49.
LaTeX Info: Redefining \emph on input line 57.
LaTeX Info: Redefining \- on input line 60.
.................................................
. LaTeX info: "xparse/redefine-command"
. 
. Redefining command \oldstylenums with sig. 'm' on line 155.
.................................................
.................................................
. LaTeX info: "xparse/define-command"
. 
. Defining command \liningnums with sig. 'm' on line 159.
.................................................
)
("C:\Program Files\MiKTeX\tex\latex\fontspec\fontspec-xetex.sty"
Package: fontspec-xetex 2015/07/22 v2.4d Font selection for XeLaTeX and LuaLaTe
X

("C:\Program Files\MiKTeX\tex\latex\base\fontenc.sty"
Package: fontenc 2005/09/27 v1.99g Standard LaTeX package

("C:\Program Files\MiKTeX\tex\latex\euenc\eu1enc.def"
File: eu1enc.def 2010/05/27 v0.1h Experimental Unicode font encodings
)
LaTeX Font Info:    Try loading font information for EU1+lmr on input line 105.


("C:\Program Files\MiKTeX\tex\latex\euenc\eu1lmr.fd"
File: eu1lmr.fd 2009/10/30 v1.6 Font defs for Latin Modern
)
Requested font "[lmroman10-regular]:mapping=tex-text" at 10.0pt
 -> C:/Program Files/MiKTeX/fonts/opentype/public/lm/lmroman10-regular.otf
)
("C:\Program Files\MiKTeX\tex\xelatex\xunicode\xunicode.sty"
File: xunicode.sty 2011/09/09 v0.981 provides access to latin accents and many 
other characters in Unicode lower plane

("C:\Program Files\MiKTeX\tex\latex\tipa\t3enc.def"
File: t3enc.def 2001/12/31 T3 encoding
Requested font "[lmromanslant10-regular]:mapping=tex-text" at 10.0pt
 -> C:/Program Files/MiKTeX/fonts/opentype/public/lm/lmromanslant10-regular.otf
Requested font "[lmroman10-italic]:mapping=tex-text" at 10.0pt
 -> C:/Program Files/MiKTeX/fonts/opentype/public/lm/lmroman10-italic.otf
Requested font "[lmroman10-bold]:mapping=tex-text" at 10.0pt
 -> C:/Program Files/MiKTeX/fonts/opentype/public/lm/lmroman10-bold.otf
LaTeX Font Info:    Try loading font information for EU1+lmss on input line 357
.

("C:\Program Files\MiKTeX\tex\latex\euenc\eu1lmss.fd"
File: eu1lmss.fd 2009/10/30 v1.6 Font defs for Latin Modern
)
Requested font "[lmsans10-regular]:mapping=tex-text" at 10.0pt
 -> C:/Program Files/MiKTeX/fonts/opentype/public/lm/lmsans10-regular.otf
)
\tipaTiiicode=\count130
\tipasavetokens=\toks19
\tipachecktokens=\toks20

("C:\Program Files\MiKTeX\tex\latex\graphics\graphicx.sty"
Package: graphicx 2014/10/28 v1.0g Enhanced LaTeX Graphics (DPC,SPQR)

("C:\Program Files\MiKTeX\tex\latex\graphics\keyval.sty"
Package: keyval 2014/10/28 v1.15 key=value parser (DPC)
\KV@toks@=\toks21
)
("C:\Program Files\MiKTeX\tex\latex\graphics\graphics.sty"
Package: graphics 2014/10/28 v1.0p Standard LaTeX Graphics (DPC,SPQR)

("C:\Program Files\MiKTeX\tex\latex\graphics\trig.sty"
Package: trig 1999/03/16 v1.09 sin cos tan (DPC)
)
("C:\Program Files\MiKTeX\tex\latex\00miktex\graphics.cfg"
File: graphics.cfg 2007/01/18 v1.5 graphics configuration of teTeX/TeXLive
)
Package graphics Info: Driver file: xetex.def on input line 94.

("C:\Program Files\MiKTeX\tex\xelatex\xetex-def\xetex.def"
File: xetex.def 2015/03/25 v4.04 LaTeX color/graphics driver for XeTeX (TeX Liv
e/RRM/JK)
))
\Gin@req@height=\dimen147
\Gin@req@width=\dimen148
))
.................................................
. LaTeX info: "xparse/define-command"
. 
. Defining command \__fontspec_post_arg:w with sig. 'mmO{}' on line 42.
.................................................
.................................................
. LaTeX info: "xparse/define-command"
. 
. Defining command \fontspec with sig. 'om' on line 44.
.................................................
.................................................
. LaTeX info: "xparse/define-command"
. 
. Defining command \setmainfont with sig. 'om' on line 54.
.................................................
.................................................
. LaTeX info: "xparse/define-command"
. 
. Defining command \setsansfont with sig. 'om' on line 64.
.................................................
.................................................
. LaTeX info: "xparse/define-command"
. 
. Defining command \setmonofont with sig. 'om' on line 74.
.................................................
.................................................
. LaTeX info: "xparse/define-command"
. 
. Defining command \setmathrm with sig. 'om' on line 88.
.................................................
.................................................
. LaTeX info: "xparse/define-command"
. 
. Defining command \setboldmathrm with sig. 'om' on line 96.
.................................................
.................................................
. LaTeX info: "xparse/define-command"
. 
. Defining command \setmathsf with sig. 'om' on line 104.
.................................................
.................................................
. LaTeX info: "xparse/define-command"
. 
. Defining command \setmathtt with sig. 'om' on line 112.
.................................................
.................................................
. LaTeX info: "xparse/define-command"
. 
. Defining command \newfontfamily with sig. 'mom' on line 126.
.................................................
.................................................
. LaTeX info: "xparse/define-command"
. 
. Defining command \newfontface with sig. 'mom' on line 141.
.................................................
.................................................
. LaTeX info: "xparse/define-command"
. 
. Defining command \defaultfontfeatures with sig. 't+om' on line 155.
.................................................
.................................................
. LaTeX info: "xparse/define-command"
. 
. Defining command \addfontfeatures with sig. 'm' on line 210.
.................................................
.................................................
. LaTeX info: "xparse/define-command"
. 
. Defining command \newfontfeature with sig. 'mm' on line 221.
.................................................
.................................................
. LaTeX info: "xparse/define-command"
. 
. Defining command \newAATfeature with sig. 'mmmm' on line 229.
.................................................
.................................................
. LaTeX info: "xparse/define-command"
. 
. Defining command \newopentypefeature with sig. 'mmm' on line 237.
.................................................
.................................................
. LaTeX info: "xparse/define-command"
. 
. Defining command \aliasfontfeature with sig. 'mm' on line 261.
.................................................
.................................................
. LaTeX info: "xparse/define-command"
. 
. Defining command \aliasfontfeatureoption with sig. 'mmm' on line 270.
.................................................
.................................................
. LaTeX info: "xparse/define-command"
. 
. Defining command \newfontscript with sig. 'mm' on line 275.
.................................................
.................................................
. LaTeX info: "xparse/define-command"
. 
. Defining command \newfontlanguage with sig. 'mm' on line 301.
.................................................
.................................................
. LaTeX info: "xparse/define-command"
. 
. Defining command \DeclareFontsExtensions with sig. 'm' on line 321.
.................................................
\l__fontspec_tmp_int=\count131
LaTeX Info: Redefining \itshape on input line 2230.
LaTeX Info: Redefining \slshape on input line 2235.
LaTeX Info: Redefining \scshape on input line 2240.
LaTeX Info: Redefining \upshape on input line 2245.

("C:\Program Files\MiKTeX\tex\latex\fontspec\fontspec.cfg")))
("C:\Program Files\MiKTeX\tex\latex\realscripts\realscripts.sty"
Package: realscripts 2013/03/18 v0.3c Access OpenType subscripts and superscrip
ts
.................................................
. LaTeX info: "xparse/define-command"
. 
. Defining command \fakesubscript with sig. 'm' on line 19.
.................................................
.................................................
. LaTeX info: "xparse/define-command"
. 
. Defining command \fakesuperscript with sig. 'm' on line 22.
.................................................
.................................................
. LaTeX info: "xparse/redefine-command"
. 
. Redefining command \textsubscript with sig. 's' on line 25.
.................................................
.................................................
. LaTeX info: "xparse/redefine-command"
. 
. Redefining command \textsuperscript with sig. 's' on line 28.
.................................................
.................................................
. LaTeX info: "xparse/define-command"
. 
. Defining command \realsubscript with sig. 'm' on line 45.
.................................................
.................................................
. LaTeX info: "xparse/define-command"
. 
. Defining command \realsuperscript with sig. 'm' on line 60.
.................................................
.................................................
. LaTeX info: "xparse/define-command"
. 
. Defining command \textsubsuperscript with sig. 'sO{l}mm' on line 138.
.................................................
.................................................
. LaTeX info: "xparse/define-command"
. 
. Defining command \textsupersubscript with sig. 'sO{l}mm' on line 143.
.................................................
\subsupersep=\dimen149
)
("C:\Program Files\MiKTeX\tex\latex\metalogo\metalogo.sty"
Package: metalogo 2010/05/29 v0.12 Extended TeX logo macros
\xl@everylogo=\toks22
\xl@@everylogo=\toks23
LaTeX Info: Redefining \TeX on input line 193.
LaTeX Info: Redefining \LaTeX on input line 202.
LaTeX Info: Redefining \LaTeXe on input line 219.
)
\xxt@tempbox=\box43
)
("C:\Program Files\MiKTeX\tex\latex\float\float.sty"
Package: float 2001/11/08 v1.3d Float enhancements (AL)
\c@float@type=\count132
\float@exts=\toks24
\float@box=\box44
\@float@everytoks=\toks25
\@floatcapt=\box45
)
\g__file_internal_ior=\read1
Requested font "Calibri" at 10.0pt
 -> C:/Windows/Fonts/calibri.ttf
Requested font "Calibri/OT" at 10.0pt
 -> C:/Windows/Fonts/calibri.ttf
\g__fontspec_family_Calibri_int=\count133
Requested font "Calibri/BI/OT" at 10.0pt
 -> C:/Windows/Fonts/calibriz.ttf
Requested font "Calibri/B/OT" at 10.0pt
 -> C:/Windows/Fonts/calibrib.ttf
Requested font "Calibri/I/OT" at 10.0pt
 -> C:/Windows/Fonts/calibrii.ttf
Requested font "[lmroman12-regular]:mapping=tex-text" at 12.0pt
 -> C:/Program Files/MiKTeX/fonts/opentype/public/lm/lmroman12-regular.otf
Requested font "Calibri/B/OT" at 10.0pt
 -> C:/Windows/Fonts/calibrib.ttf
Requested font "Calibri/B/OT" at 10.0pt
 -> C:/Windows/Fonts/calibrib.ttf
Requested font "Calibri/I/OT" at 10.0pt
 -> C:/Windows/Fonts/calibrii.ttf
Requested font "Calibri/I/OT" at 10.0pt
 -> C:/Windows/Fonts/calibrii.ttf
Requested font "Calibri/BI/OT" at 10.0pt
 -> C:/Windows/Fonts/calibriz.ttf
Requested font "Calibri/BI/OT" at 10.0pt
 -> C:/Windows/Fonts/calibriz.ttf
.................................................
. fontspec info: "defining-font"
. 
. Font family 'Calibri(0)' created for font 'Calibri' with options
. [Ligatures=TeX].
. 
. This font family consists of the following shapes:
. 
. * 'normal' with NFSS spec.:
. <->"Calibri/OT:script=latn;language=DFLT;mapping=tex-text;"
. 
. * 'small caps' with NFSS spec.:
. <->"Calibri/OT:script=latn;language=DFLT;mapping=tex-text;+smcp;"
. and font adjustment code:
. 
. 
. * 'bold' with NFSS spec.:
. <->"Calibri/B/OT:script=latn;language=DFLT;mapping=tex-text;"
. 
. * 'bold small caps' with NFSS spec.:
. <->"Calibri/B/OT:script=latn;language=DFLT;mapping=tex-text;+smcp;"
. and font adjustment code:
. 
. 
. * 'italic' with NFSS spec.:
. <->"Calibri/I/OT:script=latn;language=DFLT;mapping=tex-text;"
. 
. * 'small caps' with NFSS spec.:
. <->"Calibri/I/OT:script=latn;language=DFLT;mapping=tex-text;+smcp;"
. and font adjustment code:
. 
. 
. * 'bold italic' with NFSS spec.:
. <->"Calibri/BI/OT:script=latn;language=DFLT;mapping=tex-text;"
. 
. * 'bold small caps' with NFSS spec.:
. <->"Calibri/BI/OT:script=latn;language=DFLT;mapping=tex-text;+smcp;"
. and font adjustment code:
. 
.................................................
Requested font "Calibri/OT:script=latn;language=DFLT;mapping=tex-text;" at 10.0
pt
 -> C:/Windows/Fonts/calibri.ttf
Requested font "Consolas" at 10.0pt
 -> C:/Windows/Fonts/consola.ttf
Requested font "Consolas/OT" at 10.0pt
 -> C:/Windows/Fonts/consola.ttf
\g__fontspec_family_Consolas_int=\count134
Requested font "Consolas/BI/OT" at 10.0pt
 -> C:/Windows/Fonts/consolaz.ttf
Requested font "Consolas/B/OT" at 10.0pt
 -> C:/Windows/Fonts/consolab.ttf
Requested font "Consolas/I/OT" at 10.0pt
 -> C:/Windows/Fonts/consolai.ttf
Requested font "Calibri/OT:script=latn;language=DFLT;mapping=tex-text;" at 12.0
pt
 -> C:/Windows/Fonts/calibri.ttf
Requested font "Consolas/B/OT" at 10.0pt
 -> C:/Windows/Fonts/consolab.ttf
Requested font "Consolas/B/OT" at 10.0pt
 -> C:/Windows/Fonts/consolab.ttf
Requested font "Consolas/I/OT" at 10.0pt
 -> C:/Windows/Fonts/consolai.ttf
Requested font "Consolas/I/OT" at 10.0pt
 -> C:/Windows/Fonts/consolai.ttf
Requested font "Consolas/BI/OT" at 10.0pt
 -> C:/Windows/Fonts/consolaz.ttf
Requested font "Consolas/BI/OT" at 10.0pt
 -> C:/Windows/Fonts/consolaz.ttf
.................................................
. fontspec info: "defining-font"
. 
. Font family 'Consolas(0)' created for font 'Consolas' with options
. [WordSpace={1,0,0},PunctuationSpace=WordSpace].
. 
. This font family consists of the following shapes:
. 
. * 'normal' with NFSS spec.:
. <->"Consolas/OT:script=latn;language=DFLT;"
. 
. * 'small caps' with NFSS spec.:
. 
. and font adjustment code:
. \fontdimen 2\font =1\fontdimen 2\font \fontdimen 3\font =0\fontdimen 3\font
. \fontdimen 4\font =0\fontdimen 4\font \fontdimen 7\font =0\fontdimen 2\font 
. 
. * 'bold' with NFSS spec.:
. <->"Consolas/B/OT:script=latn;language=DFLT;"
. 
. * 'bold small caps' with NFSS spec.:
. 
. and font adjustment code:
. \fontdimen 2\font =1\fontdimen 2\font \fontdimen 3\font =0\fontdimen 3\font
. \fontdimen 4\font =0\fontdimen 4\font \fontdimen 7\font =0\fontdimen 2\font 
. 
. * 'italic' with NFSS spec.:
. <->"Consolas/I/OT:script=latn;language=DFLT;"
. 
. * 'small caps' with NFSS spec.:
. 
. and font adjustment code:
. \fontdimen 2\font =1\fontdimen 2\font \fontdimen 3\font =0\fontdimen 3\font
. \fontdimen 4\font =0\fontdimen 4\font \fontdimen 7\font =0\fontdimen 2\font 
. 
. * 'bold italic' with NFSS spec.:
. <->"Consolas/BI/OT:script=latn;language=DFLT;"
. 
. * 'bold small caps' with NFSS spec.:
. 
. and font adjustment code:
. \fontdimen 2\font =1\fontdimen 2\font \fontdimen 3\font =0\fontdimen 3\font
. \fontdimen 4\font =0\fontdimen 4\font \fontdimen 7\font =0\fontdimen 2\font 
.................................................

("C:\Program Files\MiKTeX\tex\latex\polyglossia\polyglossia.sty"
Package: polyglossia 2015/08/06 v1.42.0 Alternative to Babel for XeLaTeX and Lu
aLaTeX

("C:\Program Files\MiKTeX\tex\latex\etoolbox\etoolbox.sty"
Package: etoolbox 2015/08/02 v2.2a e-TeX tools for LaTeX (JAW)
\etb@tempcnta=\count135
)
("C:\Program Files\MiKTeX\tex\latex\makecmds\makecmds.sty"
Package: makecmds 2009/09/03 v1.0a extra command making commands
)
("C:\Program Files\MiKTeX\tex\latex\xkeyval\xkeyval.sty"
Package: xkeyval 2014/12/03 v2.7a package option processing (HA)

("C:\Program Files\MiKTeX\tex\generic\xkeyval\xkeyval.tex"
("C:\Program Files\MiKTeX\tex\generic\xkeyval\xkvutils.tex"
\XKV@toks=\toks26
\XKV@tempa@toks=\toks27
)
\XKV@depth=\count136
File: xkeyval.tex 2014/12/03 v2.7a key=value parser (HA)
))
\xpg@normalclass=\XeTeXintercharclass4
)
("C:\Program Files\MiKTeX\tex\latex\polyglossia\gloss-english.ldf"
File: gloss-english.ldf polyglossia: module for english
)
("C:\Program Files\MiKTeX\tex\latex\polyglossia\gloss-russian.ldf"
File: gloss-russian.ldf polyglossia: module for russian

("C:\Program Files\MiKTeX\tex\latex\polyglossia\babelsh.def"
File: babelsh.def 2013/04/30 Babel common definitions for shorthands
 Taken verbatim from babel.def (2013/04/15 v3.9e)
)
Package polyglossia Info: Making " an active character on input line 41.
)
Package polyglossia Info: Default language is russian.

("C:\Program Files\MiKTeX\tex\latex\titlesec\titlesec.sty"
Package: titlesec 2011/12/15 v2.10.0 Sectioning titles
\ttl@box=\box46
\beforetitleunit=\skip52
\aftertitleunit=\skip53
\ttl@plus=\dimen150
\ttl@minus=\dimen151
\ttl@toksa=\toks28
\titlewidth=\dimen152
\titlewidthlast=\dimen153
\titlewidthfirst=\dimen154
)
("C:\Program Files\MiKTeX\tex\latex\titlesec\block.tss"
File: block.tss 2011/12/15
)
("C:\Program Files\MiKTeX\tex\latex\tocloft\tocloft.sty"
Package: tocloft 2013/05/02 v2.3f parameterised ToC, etc., typesetting
Package tocloft Info: The document has section divisions on input line 44.
\cftparskip=\skip54
\cftbeforetoctitleskip=\skip55
\cftaftertoctitleskip=\skip56
\cftbeforepartskip=\skip57
\cftpartnumwidth=\skip58
\cftpartindent=\skip59
\cftbeforesecskip=\skip60
\cftsecindent=\skip61
\cftsecnumwidth=\skip62
\cftbeforesubsecskip=\skip63
\cftsubsecindent=\skip64
\cftsubsecnumwidth=\skip65
\cftbeforesubsubsecskip=\skip66
\cftsubsubsecindent=\skip67
\cftsubsubsecnumwidth=\skip68
\cftbeforeparaskip=\skip69
\cftparaindent=\skip70
\cftparanumwidth=\skip71
\cftbeforesubparaskip=\skip72
\cftsubparaindent=\skip73
\cftsubparanumwidth=\skip74
\cftbeforeloftitleskip=\skip75
\cftafterloftitleskip=\skip76
\cftbeforefigskip=\skip77
\cftfigindent=\skip78
\cftfignumwidth=\skip79
\c@lofdepth=\count137
\c@lotdepth=\count138
\cftbeforelottitleskip=\skip80
\cftafterlottitleskip=\skip81
\cftbeforetabskip=\skip82
\cfttabindent=\skip83
\cfttabnumwidth=\skip84
)
("C:\Program Files\MiKTeX\tex\latex\hyperref\hyperref.sty"
Package: hyperref 2012/11/06 v6.83m Hypertext links for LaTeX

("C:\Program Files\MiKTeX\tex\generic\oberdiek\hobsub-hyperref.sty"
Package: hobsub-hyperref 2012/04/25 v1.12 Bundle oberdiek, subset hyperref (HO)


("C:\Program Files\MiKTeX\tex\generic\oberdiek\hobsub-generic.sty"
Package: hobsub-generic 2012/04/25 v1.12 Bundle oberdiek, subset generic (HO)
Package: hobsub 2012/04/25 v1.12 Construct package bundles (HO)
Package: infwarerr 2010/04/08 v1.3 Providing info/warning/error messages (HO)
Package: ltxcmds 2011/11/09 v1.22 LaTeX kernel commands for general use (HO)
Package hobsub Info: Skipping package `ifluatex' (already loaded).
Package: ifvtex 2010/03/01 v1.5 Detect VTeX and its facilities (HO)
Package ifvtex Info: VTeX not detected.
Package: intcalc 2007/09/27 v1.1 Expandable calculations with integers (HO)
Package: ifpdf 2011/01/30 v2.3 Provides the ifpdf switch (HO)
Package ifpdf Info: pdfTeX in PDF mode is not detected.
Package: etexcmds 2011/02/16 v1.5 Avoid name clashes with e-TeX commands (HO)
Package etexcmds Info: Could not find \expanded.
(etexcmds)             That can mean that you are not using pdfTeX 1.50 or
(etexcmds)             that some package has redefined \expanded.
(etexcmds)             In the latter case, load this package earlier.
Package: kvsetkeys 2012/04/25 v1.16 Key value parser (HO)
Package: kvdefinekeys 2011/04/07 v1.3 Define keys (HO)
Package: pdftexcmds 2011/11/29 v0.20 Utility functions of pdfTeX for LuaTeX (HO
)
Package pdftexcmds Info: LuaTeX not detected.
Package pdftexcmds Info: pdfTeX >= 1.30 not detected.
Package pdftexcmds Info: \pdf@primitive is available.
Package pdftexcmds Info: \pdf@ifprimitive is available.
Package pdftexcmds Info: \pdfdraftmode not found.
Package: pdfescape 2011/11/25 v1.13 Implements pdfTeX's escape features (HO)
Package: bigintcalc 2012/04/08 v1.3 Expandable calculations on big integers (HO
)
Package: bitset 2011/01/30 v1.1 Handle bit-vector datatype (HO)
Package: uniquecounter 2011/01/30 v1.2 Provide unlimited unique counter (HO)
)
Package hobsub Info: Skipping package `hobsub' (already loaded).
Package: letltxmacro 2010/09/02 v1.4 Let assignment for LaTeX macros (HO)
Package: hopatch 2011/06/24 v1.1 Wrapper for package hooks (HO)
Package: xcolor-patch 2011/01/30 xcolor patch
Package: atveryend 2011/06/30 v1.8 Hooks at the very end of document (HO)
Package: atbegshi 2011/10/05 v1.16 At begin shipout hook (HO)
Package: refcount 2011/10/16 v3.4 Data extraction from label references (HO)
Package: hycolor 2011/01/30 v1.7 Color options for hyperref/bookmark (HO)
)
("C:\Program Files\MiKTeX\tex\latex\oberdiek\auxhook.sty"
Package: auxhook 2011/03/04 v1.3 Hooks for auxiliary files (HO)
)
("C:\Program Files\MiKTeX\tex\latex\oberdiek\kvoptions.sty"
Package: kvoptions 2011/06/30 v3.11 Key value format for package options (HO)
)
\@linkdim=\dimen155
\Hy@linkcounter=\count139
\Hy@pagecounter=\count140

("C:\Program Files\MiKTeX\tex\latex\hyperref\pd1enc.def"
File: pd1enc.def 2012/11/06 v6.83m Hyperref: PDFDocEncoding definition (HO)
)
\Hy@SavedSpaceFactor=\count141

("C:\Program Files\MiKTeX\tex\latex\00miktex\hyperref.cfg"
File: hyperref.cfg 2002/06/06 v1.2 hyperref configuration of TeXLive
)
Package hyperref Info: Option `unicode' set `true' on input line 4319.

("C:\Program Files\MiKTeX\tex\latex\hyperref\puenc.def"
File: puenc.def 2012/11/06 v6.83m Hyperref: PDF Unicode definition (HO)
)
Package hyperref Info: Hyper figures OFF on input line 4443.
Package hyperref Info: Link nesting OFF on input line 4448.
Package hyperref Info: Hyper index ON on input line 4451.
Package hyperref Info: Plain pages OFF on input line 4458.
Package hyperref Info: Backreferencing OFF on input line 4463.
Package hyperref Info: Implicit mode ON; LaTeX internals redefined.
Package hyperref Info: Bookmarks ON on input line 4688.
\c@Hy@tempcnt=\count142

("C:\Program Files\MiKTeX\tex\latex\url\url.sty"
\Urlmuskip=\muskip17
Package: url 2013/09/16  ver 3.4  Verb mode for urls, etc.
)
LaTeX Info: Redefining \url on input line 5041.
\XeTeXLinkMargin=\dimen156
Requested font "pzdr" at 0.00002pt
\Fld@menulength=\count143
\Field@Width=\dimen157
\Fld@charsize=\dimen158
Package hyperref Info: Hyper figures OFF on input line 6295.
Package hyperref Info: Link nesting OFF on input line 6300.
Package hyperref Info: Hyper index ON on input line 6303.
Package hyperref Info: backreferencing OFF on input line 6310.
Package hyperref Info: Link coloring OFF on input line 6315.
Package hyperref Info: Link coloring with OCG OFF on input line 6320.
Package hyperref Info: PDF/A mode OFF on input line 6325.
LaTeX Info: Redefining \ref on input line 6365.
LaTeX Info: Redefining \pageref on input line 6369.
\Hy@abspage=\count144
\c@Item=\count145
\c@Hfootnote=\count146
)

Package hyperref Message: Driver: hxetex.

("C:\Program Files\MiKTeX\tex\latex\hyperref\hxetex.def"
File: hxetex.def 2012/11/06 v6.83m Hyperref driver for XeTeX

("C:\Program Files\MiKTeX\tex\generic\oberdiek\stringenc.sty"
Package: stringenc 2011/12/02 v1.10 Convert strings between diff. encodings (HO
)
)
\pdfm@box=\box47
\c@Hy@AnnotLevel=\count147
\HyField@AnnotCount=\count148
\Fld@listcount=\count149
\c@bookmark@seq@number=\count150

("C:\Program Files\MiKTeX\tex\latex\oberdiek\rerunfilecheck.sty"
Package: rerunfilecheck 2011/04/15 v1.7 Rerun checks for auxiliary files (HO)
Package rerunfilecheck Info: Feature \pdfmdfivesum is not available
(rerunfilecheck)             (e.g. pdfTeX or LuaTeX with package `pdftexcmds').

(rerunfilecheck)             Therefore file contents cannot be checked efficien
tly
(rerunfilecheck)             and the loading of the package is aborted.
)
\Hy@SectionHShift=\skip85
)
Package hyperref Info: Option `final' set `true' on input line 183.
Package hyperref Info: Option `colorlinks' set `true' on input line 183.
Package hyperref Info: Option `bookmarksopen' set `true' on input line 183.

("C:\Program Files\MiKTeX\tex\latex\xcolor\xcolor.sty"
Package: xcolor 2007/01/21 v2.11 LaTeX color extensions (UK)

("C:\Program Files\MiKTeX\tex\latex\00miktex\color.cfg"
File: color.cfg 2007/01/18 v1.5 color configuration of teTeX/TeXLive
)
Package xcolor Info: Driver file: xetex.def on input line 225.

("C:\Program Files\MiKTeX\tex\latex\colortbl\colortbl.sty"
Package: colortbl 2012/02/13 v1.0a Color table columns (DPC)

("C:\Program Files\MiKTeX\tex\latex\tools\array.sty"
Package: array 2014/10/28 v2.4c Tabular extension package (FMi)
\col@sep=\dimen159
\extrarowheight=\dimen160
\NC@list=\toks29
\extratabsurround=\skip86
\backup@length=\skip87
)
\everycr=\toks30
\minrowclearance=\skip88
)
\rownum=\count151
Package xcolor Info: Model `cmy' substituted by `cmy0' on input line 1337.
Package xcolor Info: Model `RGB' extended on input line 1353.
Package xcolor Info: Model `HTML' substituted by `rgb' on input line 1355.
Package xcolor Info: Model `Hsb' substituted by `hsb' on input line 1356.
Package xcolor Info: Model `tHsb' substituted by `hsb' on input line 1357.
Package xcolor Info: Model `HSB' substituted by `hsb' on input line 1358.
Package xcolor Info: Model `Gray' substituted by `gray' on input line 1359.
Package xcolor Info: Model `wave' substituted by `hsb' on input line 1360.

("C:\Program Files\MiKTeX\tex\latex\graphics\dvipsnam.def"
File: dvipsnam.def 2014/10/14 v3.0j Driver-dependent file (DPC,SPQR)
))
("C:\Program Files\MiKTeX\tex\latex\listings\listings.sty"
\lst@mode=\count152
\lst@gtempboxa=\box48
\lst@token=\toks31
\lst@length=\count153
\lst@currlwidth=\dimen161
\lst@column=\count154
\lst@pos=\count155
\lst@lostspace=\dimen162
\lst@width=\dimen163
\lst@newlines=\count156
\lst@lineno=\count157
\lst@maxwidth=\dimen164

("C:\Program Files\MiKTeX\tex\latex\listings\lstmisc.sty"
File: lstmisc.sty 2015/06/04 1.6 (Carsten Heinz)
\c@lstnumber=\count158
\lst@skipnumbers=\count159
\lst@framebox=\box49
)
("C:\Program Files\MiKTeX\tex\latex\listings\listings.cfg"
File: listings.cfg 2015/06/04 1.6 listings configuration
))
Package: listings 2015/06/04 1.6 (Carsten Heinz)

("C:\Program Files\MiKTeX\tex\latex\listings\lstlang1.sty"
File: lstlang1.sty 2015/06/04 1.6 listings language file
)
(C:\Users\·\AppData\Roaming\MiKTeX\2.9\tex\latex\caption\caption.sty
Package: caption 2016/02/21 v3.3-144 Customizing captions (AR)

(C:\Users\·\AppData\Roaming\MiKTeX\2.9\tex\latex\caption\caption3.sty
Package: caption3 2016/02/04 v1.7-139 caption3 kernel (AR)
Package caption3 Info: TeX engine: e-TeX on input line 67.
\captionmargin=\dimen165
\captionmargin@=\dimen166
\captionwidth=\dimen167
\caption@tempdima=\dimen168
\caption@indent=\dimen169
\caption@parindent=\dimen170
\caption@hangindent=\dimen171
)
\c@ContinuedFloat=\count160
Package caption Info: float package is loaded.
Package caption Info: hyperref package is loaded.
Package caption Info: listings package is loaded.
)
("C:\Program Files\MiKTeX\tex\latex\tools\longtable.sty"
Package: longtable 2014/10/28 v4.11 Multi-page Table package (DPC)
\LTleft=\skip89
\LTright=\skip90
\LTpre=\skip91
\LTpost=\skip92
\LTchunksize=\count161
\LTcapwidth=\dimen172
\LT@head=\box50
\LT@firsthead=\box51
\LT@foot=\box52
\LT@lastfoot=\box53
\LT@cols=\count162
\LT@rows=\count163
\c@LT@tables=\count164
\c@LT@chunks=\count165
\LT@p@ftn=\toks32
)
("C:\Program Files\MiKTeX\tex\latex\multirow\multirow.sty"
\bigstrutjot=\dimen173
)
("C:\Program Files\MiKTeX\tex\latex\tabu\tabu.sty"
Package: tabu 2011/02/26 v2.8 - flexible LaTeX tabulars (FC)

("C:\Program Files\MiKTeX\tex\latex\ltxmisc\varwidth.sty"
Package: varwidth 2009/03/30 ver 0.92;  Variable-width minipages
\@vwid@box=\box54
\sift@deathcycles=\count166
\@vwid@loff=\dimen174
\@vwid@roff=\dimen175
)
\c@taburow=\count167
\tabu@nbcols=\count168
\tabu@cnt=\count169
\tabu@Xcol=\count170
\tabu@alloc=\count171
\tabu@nested=\count172
\tabu@target=\dimen176
\tabu@spreadtarget=\dimen177
\tabu@naturalX=\dimen178
\tabucolX=\dimen179
\tabu@Xsum=\dimen180
\extrarowdepth=\dimen181
\abovetabulinesep=\dimen182
\belowtabulinesep=\dimen183
\tabustrutrule=\dimen184
\tabu@thebody=\toks33
\tabu@footnotes=\toks34
\tabu@box=\box55
\tabu@arstrutbox=\box56
\tabu@hleads=\box57
\tabu@vleads=\box58
\tabu@cellskip=\skip93
)
("C:\Program Files\MiKTeX\tex\latex\enumitem\enumitem.sty"
Package: enumitem 2011/09/28 v3.5.2 Customized lists
\labelindent=\skip94
\enit@outerparindent=\dimen185
\enit@toks=\toks35
\enit@inbox=\box59
\enitdp@description=\count173
)
("C:\Program Files\MiKTeX\tex\latex\fancyhdr\fancyhdr.sty"
\fancy@headwidth=\skip95
\f@ncyO@elh=\skip96
\f@ncyO@erh=\skip97
\f@ncyO@olh=\skip98
\f@ncyO@orh=\skip99
\f@ncyO@elf=\skip100
\f@ncyO@erf=\skip101
\f@ncyO@olf=\skip102
\f@ncyO@orf=\skip103
)

Package Fancyhdr Warning: \fancyfoot's `E' option without twoside option is use
less on input line 391.

("C:\Program Files\MiKTeX\tex\latex\pgfplots\pgfplots.sty"
("C:\Program Files\MiKTeX\tex\generic\pgfplots\pgfplots.revision.tex")
Package: pgfplots 2015/05/02 v1.12.1 Data Visualization (1.12.1)

("C:\Program Files\MiKTeX\tex\latex\pgf\frontendlayer\tikz.sty"
("C:\Program Files\MiKTeX\tex\latex\pgf\basiclayer\pgf.sty"
("C:\Program Files\MiKTeX\tex\latex\pgf\utilities\pgfrcs.sty"
("C:\Program Files\MiKTeX\tex\generic\pgf\utilities\pgfutil-common.tex"
\pgfutil@everybye=\toks36
\pgfutil@tempdima=\dimen186
\pgfutil@tempdimb=\dimen187

("C:\Program Files\MiKTeX\tex\generic\pgf\utilities\pgfutil-common-lists.tex"))
("C:\Program Files\MiKTeX\tex\generic\pgf\utilities\pgfutil-latex.def"
\pgfutil@abb=\box60

("C:\Program Files\MiKTeX\tex\latex\ms\everyshi.sty"
Package: everyshi 2001/05/15 v3.00 EveryShipout Package (MS)
))
("C:\Program Files\MiKTeX\tex\generic\pgf\utilities\pgfrcs.code.tex"
Package: pgfrcs 2015/08/07 v3.0.1a (rcs-revision 1.31)
))
Package: pgf 2015/08/07 v3.0.1a (rcs-revision 1.15)

("C:\Program Files\MiKTeX\tex\latex\pgf\basiclayer\pgfcore.sty"
("C:\Program Files\MiKTeX\tex\latex\pgf\systemlayer\pgfsys.sty"
("C:\Program Files\MiKTeX\tex\generic\pgf\systemlayer\pgfsys.code.tex"
Package: pgfsys 2014/07/09 v3.0.1a (rcs-revision 1.48)

("C:\Program Files\MiKTeX\tex\generic\pgf\utilities\pgfkeys.code.tex"
\pgfkeys@pathtoks=\toks37
\pgfkeys@temptoks=\toks38

("C:\Program Files\MiKTeX\tex\generic\pgf\utilities\pgfkeysfiltered.code.tex"
\pgfkeys@tmptoks=\toks39
))
\pgf@x=\dimen188
\pgf@y=\dimen189
\pgf@xa=\dimen190
\pgf@ya=\dimen191
\pgf@xb=\dimen192
\pgf@yb=\dimen193
\pgf@xc=\dimen194
\pgf@yc=\dimen195
\w@pgf@writea=\write3
\r@pgf@reada=\read2
\c@pgf@counta=\count174
\c@pgf@countb=\count175
\c@pgf@countc=\count176
\c@pgf@countd=\count177
\t@pgf@toka=\toks40
\t@pgf@tokb=\toks41
\t@pgf@tokc=\toks42
("C:\Program Files\MiKTeX\tex\generic\pgf\systemlayer\pgf.cfg"
File: pgf.cfg 2008/05/14  (rcs-revision 1.7)
)
Driver file for pgf: pgfsys-xetex.def

("C:\Program Files\MiKTeX\tex\generic\pgf\systemlayer\pgfsys-xetex.def"
File: pgfsys-xetex.def 2014/07/09  (rcs-revision 1.11)

("C:\Program Files\MiKTeX\tex\generic\pgf\systemlayer\pgfsys-dvipdfmx.def"
File: pgfsys-dvipdfmx.def 2014/07/09  (rcs-revision 1.14)

("C:\Program Files\MiKTeX\tex\generic\pgf\systemlayer\pgfsys-common-pdf.def"
File: pgfsys-common-pdf.def 2013/10/10  (rcs-revision 1.13)
)
\pgfsys@objnum=\count178
))) ("C:\Program Files\MiKTeX\tex\generic\pgf\systemlayer\pgfsyssoftpath.code.t
ex"
File: pgfsyssoftpath.code.tex 2013/09/09  (rcs-revision 1.9)
\pgfsyssoftpath@smallbuffer@items=\count179
\pgfsyssoftpath@bigbuffer@items=\count180
) ("C:\Program Files\MiKTeX\tex\generic\pgf\systemlayer\pgfsysprotocol.code.tex
"
File: pgfsysprotocol.code.tex 2006/10/16  (rcs-revision 1.4)
)) ("C:\Program Files\MiKTeX\tex\generic\pgf\basiclayer\pgfcore.code.tex"
Package: pgfcore 2010/04/11 v3.0.1a (rcs-revision 1.7)

("C:\Program Files\MiKTeX\tex\generic\pgf\math\pgfmath.code.tex"
("C:\Program Files\MiKTeX\tex\generic\pgf\math\pgfmathcalc.code.tex"
("C:\Program Files\MiKTeX\tex\generic\pgf\math\pgfmathutil.code.tex")
("C:\Program Files\MiKTeX\tex\generic\pgf\math\pgfmathparser.code.tex"
\pgfmath@dimen=\dimen196
\pgfmath@count=\count181
\pgfmath@box=\box61
\pgfmath@toks=\toks43
\pgfmath@stack@operand=\toks44
\pgfmath@stack@operation=\toks45
)
("C:\Program Files\MiKTeX\tex\generic\pgf\math\pgfmathfunctions.code.tex"
("C:\Program Files\MiKTeX\tex\generic\pgf\math\pgfmathfunctions.basic.code.tex"
)
("C:\Program Files\MiKTeX\tex\generic\pgf\math\pgfmathfunctions.trigonometric.c
ode.tex")
("C:\Program Files\MiKTeX\tex\generic\pgf\math\pgfmathfunctions.random.code.tex
")
("C:\Program Files\MiKTeX\tex\generic\pgf\math\pgfmathfunctions.comparison.code
.tex")
("C:\Program Files\MiKTeX\tex\generic\pgf\math\pgfmathfunctions.base.code.tex")
("C:\Program Files\MiKTeX\tex\generic\pgf\math\pgfmathfunctions.round.code.tex"
) ("C:\Program Files\MiKTeX\tex\generic\pgf\math\pgfmathfunctions.misc.code.tex
")
("C:\Program Files\MiKTeX\tex\generic\pgf\math\pgfmathfunctions.integerarithmet
ics.code.tex")))
("C:\Program Files\MiKTeX\tex\generic\pgf\math\pgfmathfloat.code.tex"
\c@pgfmathroundto@lastzeros=\count182
))
("C:\Program Files\MiKTeX\tex\generic\pgf\basiclayer\pgfcorepoints.code.tex"
File: pgfcorepoints.code.tex 2013/10/07  (rcs-revision 1.27)
\pgf@picminx=\dimen197
\pgf@picmaxx=\dimen198
\pgf@picminy=\dimen199
\pgf@picmaxy=\dimen200
\pgf@pathminx=\dimen201
\pgf@pathmaxx=\dimen202
\pgf@pathminy=\dimen203
\pgf@pathmaxy=\dimen204
\pgf@xx=\dimen205
\pgf@xy=\dimen206
\pgf@yx=\dimen207
\pgf@yy=\dimen208
\pgf@zx=\dimen209
\pgf@zy=\dimen210
)
("C:\Program Files\MiKTeX\tex\generic\pgf\basiclayer\pgfcorepathconstruct.code.
tex"
File: pgfcorepathconstruct.code.tex 2013/10/07  (rcs-revision 1.29)
\pgf@path@lastx=\dimen211
\pgf@path@lasty=\dimen212
)
("C:\Program Files\MiKTeX\tex\generic\pgf\basiclayer\pgfcorepathusage.code.tex"
File: pgfcorepathusage.code.tex 2014/11/02  (rcs-revision 1.24)
\pgf@shorten@end@additional=\dimen213
\pgf@shorten@start@additional=\dimen214
) ("C:\Program Files\MiKTeX\tex\generic\pgf\basiclayer\pgfcorescopes.code.tex"
File: pgfcorescopes.code.tex 2015/05/08  (rcs-revision 1.46)
\pgfpic=\box62
\pgf@hbox=\box63
\pgf@layerbox@main=\box64
\pgf@picture@serial@count=\count183
)
("C:\Program Files\MiKTeX\tex\generic\pgf\basiclayer\pgfcoregraphicstate.code.t
ex"
File: pgfcoregraphicstate.code.tex 2014/11/02  (rcs-revision 1.12)
\pgflinewidth=\dimen215
)
("C:\Program Files\MiKTeX\tex\generic\pgf\basiclayer\pgfcoretransformations.cod
e.tex"
File: pgfcoretransformations.code.tex 2015/08/07  (rcs-revision 1.20)
\pgf@pt@x=\dimen216
\pgf@pt@y=\dimen217
\pgf@pt@temp=\dimen218
)
("C:\Program Files\MiKTeX\tex\generic\pgf\basiclayer\pgfcorequick.code.tex"
File: pgfcorequick.code.tex 2008/10/09  (rcs-revision 1.3)
)
("C:\Program Files\MiKTeX\tex\generic\pgf\basiclayer\pgfcoreobjects.code.tex"
File: pgfcoreobjects.code.tex 2006/10/11  (rcs-revision 1.2)
)
("C:\Program Files\MiKTeX\tex\generic\pgf\basiclayer\pgfcorepathprocessing.code
.tex"
File: pgfcorepathprocessing.code.tex 2013/09/09  (rcs-revision 1.9)
)
("C:\Program Files\MiKTeX\tex\generic\pgf\basiclayer\pgfcorearrows.code.tex"
File: pgfcorearrows.code.tex 2015/05/14  (rcs-revision 1.43)
\pgfarrowsep=\dimen219
)
("C:\Program Files\MiKTeX\tex\generic\pgf\basiclayer\pgfcoreshade.code.tex"
File: pgfcoreshade.code.tex 2013/07/15  (rcs-revision 1.15)
\pgf@max=\dimen220
\pgf@sys@shading@range@num=\count184
)
("C:\Program Files\MiKTeX\tex\generic\pgf\basiclayer\pgfcoreimage.code.tex"
File: pgfcoreimage.code.tex 2013/07/15  (rcs-revision 1.18)

("C:\Program Files\MiKTeX\tex\generic\pgf\basiclayer\pgfcoreexternal.code.tex"
File: pgfcoreexternal.code.tex 2014/07/09  (rcs-revision 1.21)
\pgfexternal@startupbox=\box65
)) ("C:\Program Files\MiKTeX\tex\generic\pgf\basiclayer\pgfcorelayers.code.tex"
File: pgfcorelayers.code.tex 2013/07/18  (rcs-revision 1.7)
)
("C:\Program Files\MiKTeX\tex\generic\pgf\basiclayer\pgfcoretransparency.code.t
ex"
File: pgfcoretransparency.code.tex 2013/09/30  (rcs-revision 1.5)
)
("C:\Program Files\MiKTeX\tex\generic\pgf\basiclayer\pgfcorepatterns.code.tex"
File: pgfcorepatterns.code.tex 2013/11/07  (rcs-revision 1.5)
))) ("C:\Program Files\MiKTeX\tex\generic\pgf\modules\pgfmoduleshapes.code.tex"
File: pgfmoduleshapes.code.tex 2014/03/21  (rcs-revision 1.35)
\pgfnodeparttextbox=\box66
) ("C:\Program Files\MiKTeX\tex\generic\pgf\modules\pgfmoduleplot.code.tex"
File: pgfmoduleplot.code.tex 2015/08/03  (rcs-revision 1.13)
)
("C:\Program Files\MiKTeX\tex\latex\pgf\compatibility\pgfcomp-version-0-65.sty"
Package: pgfcomp-version-0-65 2007/07/03 v3.0.1a (rcs-revision 1.7)
\pgf@nodesepstart=\dimen221
\pgf@nodesepend=\dimen222
) ("C:\Program Files\MiKTeX\tex\latex\pgf\compatibility\pgfcomp-version-1-18.st
y"
Package: pgfcomp-version-1-18 2007/07/23 v3.0.1a (rcs-revision 1.1)
)) ("C:\Program Files\MiKTeX\tex\latex\pgf\utilities\pgffor.sty"
("C:\Program Files\MiKTeX\tex\latex\pgf\utilities\pgfkeys.sty"
("C:\Program Files\MiKTeX\tex\generic\pgf\utilities\pgfkeys.code.tex"))
("C:\Program Files\MiKTeX\tex\latex\pgf\math\pgfmath.sty"
("C:\Program Files\MiKTeX\tex\generic\pgf\math\pgfmath.code.tex"))
("C:\Program Files\MiKTeX\tex\generic\pgf\utilities\pgffor.code.tex"
Package: pgffor 2013/12/13 v3.0.1a (rcs-revision 1.25)

("C:\Program Files\MiKTeX\tex\generic\pgf\math\pgfmath.code.tex")
\pgffor@iter=\dimen223
\pgffor@skip=\dimen224
\pgffor@stack=\toks46
\pgffor@toks=\toks47
))
("C:\Program Files\MiKTeX\tex\generic\pgf\frontendlayer\tikz\tikz.code.tex"
Package: tikz 2015/08/07 v3.0.1a (rcs-revision 1.151)

("C:\Program Files\MiKTeX\tex\generic\pgf\libraries\pgflibraryplothandlers.code
.tex"
File: pgflibraryplothandlers.code.tex 2013/08/31 v3.0.1a (rcs-revision 1.20)
\pgf@plot@mark@count=\count185
\pgfplotmarksize=\dimen225
)
\tikz@lastx=\dimen226
\tikz@lasty=\dimen227
\tikz@lastxsaved=\dimen228
\tikz@lastysaved=\dimen229
\tikzleveldistance=\dimen230
\tikzsiblingdistance=\dimen231
\tikz@figbox=\box67
\tikz@figbox@bg=\box68
\tikz@tempbox=\box69
\tikz@tempbox@bg=\box70
\tikztreelevel=\count186
\tikznumberofchildren=\count187
\tikznumberofcurrentchild=\count188
\tikz@fig@count=\count189

("C:\Program Files\MiKTeX\tex\generic\pgf\modules\pgfmodulematrix.code.tex"
File: pgfmodulematrix.code.tex 2013/09/17  (rcs-revision 1.8)
\pgfmatrixcurrentrow=\count190
\pgfmatrixcurrentcolumn=\count191
\pgf@matrix@numberofcolumns=\count192
)
\tikz@expandcount=\count193

("C:\Program Files\MiKTeX\tex\generic\pgf\frontendlayer\tikz\libraries\tikzlibr
arytopaths.code.tex"
File: tikzlibrarytopaths.code.tex 2008/06/17 v3.0.1a (rcs-revision 1.2)
)))
("C:\Program Files\MiKTeX\tex\generic\pgfplots\pgfplots.code.tex"
("C:\Program Files\MiKTeX\tex\generic\pgfplots\pgfplotscore.code.tex"
\t@pgfplots@toka=\toks48
\t@pgfplots@tokb=\toks49
\t@pgfplots@tokc=\toks50
\pgfplots@tmpa=\dimen232
\c@pgfplots@coordindex=\count194
\c@pgfplots@scanlineindex=\count195

("C:\Program Files\MiKTeX\tex\generic\pgfplots\sys\pgfplotssysgeneric.code.tex"
)) ("C:\Program Files\MiKTeX\tex\generic\pgfplots\libs\pgfplotslibrary.code.tex
")
("C:\Program Files\MiKTeX\tex\generic\pgfplots\oldpgfcompatib\pgfplotsoldpgfsup
p_loader.code.tex"
("C:\Program Files\MiKTeX\tex\generic\pgf\libraries\pgflibraryfpu.code.tex"))
("C:\Program Files\MiKTeX\tex\generic\pgfplots\util\pgfplotsutil.code.tex"
("C:\Program Files\MiKTeX\tex\generic\pgfplots\liststructure\pgfplotsliststruct
ure.code.tex")
("C:\Program Files\MiKTeX\tex\generic\pgfplots\liststructure\pgfplotsliststruct
ureext.code.tex")
("C:\Program Files\MiKTeX\tex\generic\pgfplots\liststructure\pgfplotsarray.code
.tex"
\c@pgfplotsarray@tmp=\count196
)
("C:\Program Files\MiKTeX\tex\generic\pgfplots\liststructure\pgfplotsmatrix.cod
e.tex")
("C:\Program Files\MiKTeX\tex\generic\pgfplots\numtable\pgfplotstableshared.cod
e.tex"
\c@pgfplotstable@counta=\count197
\t@pgfplotstable@a=\toks51
)
("C:\Program Files\MiKTeX\tex\generic\pgfplots\liststructure\pgfplotsdeque.code
.tex")
("C:\Program Files\MiKTeX\tex\generic\pgfplots\util\pgfplotsbinary.code.tex"
("C:\Program Files\MiKTeX\tex\generic\pgfplots\util\pgfplotsbinary.data.code.te
x"))
("C:\Program Files\MiKTeX\tex\generic\pgfplots\util\pgfplotsutil.verb.code.tex"
)
("C:\Program Files\MiKTeX\tex\generic\pgfplots\libs\pgflibrarypgfplots.surfshad
ing.code.tex"
\c@pgfplotslibrarysurf@no=\count198

("C:\Program Files\MiKTeX\tex\generic\pgfplots\sys\pgflibrarypgfplots.surfshadi
ng.pgfsys-xetex.def"
("C:\Program Files\MiKTeX\tex\generic\pgfplots\sys\pgflibrarypgfplots.surfshadi
ng.pgfsys-dvipdfmx.def"
\c@pgfplotslibrarysurf@streamlen=\count199
))))
("C:\Program Files\MiKTeX\tex\generic\pgfplots\util\pgfplotscolormap.code.tex"
("C:\Program Files\MiKTeX\tex\generic\pgfplots\util\pgfplotscolor.code.tex"))
("C:\Program Files\MiKTeX\tex\generic\pgfplots\pgfplotsstackedplots.code.tex")
("C:\Program Files\MiKTeX\tex\generic\pgfplots\pgfplotsplothandlers.code.tex"
("C:\Program Files\MiKTeX\tex\generic\pgfplots\pgfplotsmeshplothandler.code.tex
")) ("C:\Program Files\MiKTeX\tex\generic\pgfplots\pgfplots.scaling.code.tex")
("C:\Program Files\MiKTeX\tex\generic\pgfplots\pgfplotscoordprocessing.code.tex
") ("C:\Program Files\MiKTeX\tex\generic\pgfplots\pgfplots.errorbars.code.tex")
("C:\Program Files\MiKTeX\tex\generic\pgfplots\pgfplots.markers.code.tex")
("C:\Program Files\MiKTeX\tex\generic\pgfplots\pgfplotsticks.code.tex")
("C:\Program Files\MiKTeX\tex\generic\pgfplots\pgfplots.paths.code.tex")
("C:\Program Files\MiKTeX\tex\generic\pgf\frontendlayer\tikz\libraries\tikzlibr
arydecorations.code.tex"
("C:\Program Files\MiKTeX\tex\generic\pgf\modules\pgfmoduledecorations.code.tex
"
\pgfdecoratedcompleteddistance=\dimen233
\pgfdecoratedremainingdistance=\dimen256
\pgfdecoratedinputsegmentcompleteddistance=\dimen257
\pgfdecoratedinputsegmentremainingdistance=\dimen258
\pgf@decorate@distancetomove=\dimen259
\pgf@decorate@repeatstate=\count200
\pgfdecorationsegmentamplitude=\dimen260
\pgfdecorationsegmentlength=\dimen261
)
\tikz@lib@dec@box=\box71
)
("C:\Program Files\MiKTeX\tex\generic\pgf\frontendlayer\tikz\libraries\tikzlibr
arydecorations.pathmorphing.code.tex"
("C:\Program Files\MiKTeX\tex\generic\pgf\libraries\decorations\pgflibrarydecor
ations.pathmorphing.code.tex"))
("C:\Program Files\MiKTeX\tex\generic\pgf\frontendlayer\tikz\libraries\tikzlibr
arydecorations.pathreplacing.code.tex"
("C:\Program Files\MiKTeX\tex\generic\pgf\libraries\decorations\pgflibrarydecor
ations.pathreplacing.code.tex"))
\pgfplots@numplots=\count201
\pgfplots@xmin@reg=\dimen262
\pgfplots@xmax@reg=\dimen263
\pgfplots@ymin@reg=\dimen264
\pgfplots@ymax@reg=\dimen265
\pgfplots@zmin@reg=\dimen266
\pgfplots@zmax@reg=\dimen267
)
("C:\Program Files\MiKTeX\tex\generic\pgf\frontendlayer\tikz\libraries\tikzlibr
aryplotmarks.code.tex"
File: tikzlibraryplotmarks.code.tex 2008/01/09 v3.0.1a (rcs-revision 1.1)

("C:\Program Files\MiKTeX\tex\generic\pgf\libraries\pgflibraryplotmarks.code.te
x"
File: pgflibraryplotmarks.code.tex 2015/08/03 v3.0.1a (rcs-revision 1.14)
)))) (Lecture_Records.aux
Requested font "Calibri/OT:script=latn;language=DFLT;" at 10.0pt
 -> C:/Windows/Fonts/calibri.ttf
Requested font "Calibri/BI/OT" at 10.0pt
 -> C:/Windows/Fonts/calibriz.ttf
Requested font "Calibri/B/OT" at 10.0pt
 -> C:/Windows/Fonts/calibrib.ttf
Requested font "Calibri/I/OT" at 10.0pt
 -> C:/Windows/Fonts/calibrii.ttf
Requested font "Calibri/B/OT" at 10.0pt
 -> C:/Windows/Fonts/calibrib.ttf
Requested font "Calibri/B/OT" at 10.0pt
 -> C:/Windows/Fonts/calibrib.ttf
Requested font "Calibri/I/OT" at 10.0pt
 -> C:/Windows/Fonts/calibrii.ttf
Requested font "Calibri/I/OT" at 10.0pt
 -> C:/Windows/Fonts/calibrii.ttf
Requested font "Calibri/BI/OT" at 10.0pt
 -> C:/Windows/Fonts/calibriz.ttf
Requested font "Calibri/BI/OT" at 10.0pt
 -> C:/Windows/Fonts/calibriz.ttf
.................................................
. fontspec info: "defining-font"
. 
. Font family 'Calibri(1)' created for font 'Calibri' with options
. [Ligatures=TeX,Script=Cyrillic].
. 
. This font family consists of the following shapes:
. 
. * 'normal' with NFSS spec.:
. <->"Calibri/OT:script=cyrl;language=DFLT;mapping=tex-text;"
. 
. * 'small caps' with NFSS spec.:
. <->"Calibri/OT:script=cyrl;language=DFLT;mapping=tex-text;+smcp;"
. and font adjustment code:
. 
. 
. * 'bold' with NFSS spec.:
. <->"Calibri/B/OT:script=cyrl;language=DFLT;mapping=tex-text;"
. 
. * 'bold small caps' with NFSS spec.:
. <->"Calibri/B/OT:script=cyrl;language=DFLT;mapping=tex-text;+smcp;"
. and font adjustment code:
. 
. 
. * 'italic' with NFSS spec.:
. <->"Calibri/I/OT:script=cyrl;language=DFLT;mapping=tex-text;"
. 
. * 'small caps' with NFSS spec.:
. <->"Calibri/I/OT:script=cyrl;language=DFLT;mapping=tex-text;+smcp;"
. and font adjustment code:
. 
. 
. * 'bold italic' with NFSS spec.:
. <->"Calibri/BI/OT:script=cyrl;language=DFLT;mapping=tex-text;"
. 
. * 'bold small caps' with NFSS spec.:
. <->"Calibri/BI/OT:script=cyrl;language=DFLT;mapping=tex-text;+smcp;"
. and font adjustment code:
. 
.................................................
Requested font "Calibri/OT:script=cyrl;language=DFLT;mapping=tex-text;" at 10.0
pt
 -> C:/Windows/Fonts/calibri.ttf
Requested font "Calibri/OT:script=cyrl;language=DFLT;" at 10.0pt
 -> C:/Windows/Fonts/calibri.ttf
)
LaTeX Font Info:    Checking defaults for OML/cmm/m/it on input line 5.
LaTeX Font Info:    ... okay on input line 5.
LaTeX Font Info:    Checking defaults for T1/cmr/m/n on input line 5.
LaTeX Font Info:    ... okay on input line 5.
LaTeX Font Info:    Checking defaults for OT1/cmr/m/n on input line 5.
LaTeX Font Info:    ... okay on input line 5.
LaTeX Font Info:    Checking defaults for OMS/cmsy/m/n on input line 5.
LaTeX Font Info:    ... okay on input line 5.
LaTeX Font Info:    Checking defaults for OMX/cmex/m/n on input line 5.
LaTeX Font Info:    ... okay on input line 5.
LaTeX Font Info:    Checking defaults for U/cmr/m/n on input line 5.
LaTeX Font Info:    ... okay on input line 5.
LaTeX Font Info:    Checking defaults for EU1/lmr/m/n on input line 5.
LaTeX Font Info:    ... okay on input line 5.
LaTeX Font Info:    Checking defaults for T3/cmr/m/n on input line 5.
LaTeX Font Info:    Try loading font information for T3+cmr on input line 5.
 ("C:\Program Files\MiKTeX\tex\latex\tipa\t3cmr.fd"
File: t3cmr.fd 2001/12/31 TIPA font definitions
)
LaTeX Font Info:    ... okay on input line 5.
LaTeX Font Info:    Checking defaults for PD1/pdf/m/n on input line 5.
LaTeX Font Info:    ... okay on input line 5.
LaTeX Font Info:    Checking defaults for PU/pdf/m/n on input line 5.
LaTeX Font Info:    ... okay on input line 5.
.................................................
. fontspec info: "setup-math"
. 
. Adjusting the maths setup (use [no-math] to avoid this).
.................................................
\symlegacymaths=\mathgroup6
LaTeX Font Info:    Overwriting symbol font `legacymaths' in version `bold'
(Font)                  OT1/cmr/m/n --> OT1/cmr/bx/n on input line 5.
LaTeX Font Info:    Redeclaring math accent \acute on input line 5.
LaTeX Font Info:    Redeclaring math accent \grave on input line 5.
LaTeX Font Info:    Redeclaring math accent \ddot on input line 5.
LaTeX Font Info:    Redeclaring math accent \tilde on input line 5.
LaTeX Font Info:    Redeclaring math accent \bar on input line 5.
LaTeX Font Info:    Redeclaring math accent \breve on input line 5.
LaTeX Font Info:    Redeclaring math accent \check on input line 5.
LaTeX Font Info:    Redeclaring math accent \hat on input line 5.
LaTeX Font Info:    Redeclaring math accent \dot on input line 5.
LaTeX Font Info:    Redeclaring math accent \mathring on input line 5.
LaTeX Font Info:    Redeclaring math symbol \Gamma on input line 5.
LaTeX Font Info:    Redeclaring math symbol \Delta on input line 5.
LaTeX Font Info:    Redeclaring math symbol \Theta on input line 5.
LaTeX Font Info:    Redeclaring math symbol \Lambda on input line 5.
LaTeX Font Info:    Redeclaring math symbol \Xi on input line 5.
LaTeX Font Info:    Redeclaring math symbol \Pi on input line 5.
LaTeX Font Info:    Redeclaring math symbol \Sigma on input line 5.
LaTeX Font Info:    Redeclaring math symbol \Upsilon on input line 5.
LaTeX Font Info:    Redeclaring math symbol \Phi on input line 5.
LaTeX Font Info:    Redeclaring math symbol \Psi on input line 5.
LaTeX Font Info:    Redeclaring math symbol \Omega on input line 5.
LaTeX Font Info:    Redeclaring math symbol \mathdollar on input line 5.
LaTeX Font Info:    Redeclaring symbol font `operators' on input line 5.
LaTeX Font Info:    Encoding `OT1' has changed to `EU1' for symbol font
(Font)              `operators' in the math version `normal' on input line 5.
LaTeX Font Info:    Overwriting symbol font `operators' in version `normal'
(Font)                  OT1/cmr/m/n --> EU1/Calibri(0)/m/n on input line 5.
LaTeX Font Info:    Encoding `OT1' has changed to `EU1' for symbol font
(Font)              `operators' in the math version `bold' on input line 5.
LaTeX Font Info:    Overwriting symbol font `operators' in version `bold'
(Font)                  OT1/cmr/bx/n --> EU1/Calibri(0)/m/n on input line 5.
LaTeX Font Info:    Overwriting symbol font `operators' in version `normal'
(Font)                  EU1/Calibri(0)/m/n --> EU1/Calibri(0)/m/n on input line
 5.
LaTeX Font Info:    Overwriting math alphabet `\mathit' in version `normal'
(Font)                  OT1/cmr/m/it --> EU1/Calibri(0)/m/it on input line 5.
LaTeX Font Info:    Overwriting math alphabet `\mathbf' in version `normal'
(Font)                  OT1/cmr/bx/n --> EU1/Calibri(0)/bx/n on input line 5.
LaTeX Font Info:    Overwriting math alphabet `\mathsf' in version `normal'
(Font)                  OT1/cmss/m/n --> EU1/Calibri(0)/m/n on input line 5.
LaTeX Font Info:    Overwriting math alphabet `\mathtt' in version `normal'
(Font)                  OT1/cmtt/m/n --> EU1/Consolas(0)/m/n on input line 5.
LaTeX Font Info:    Overwriting symbol font `operators' in version `bold'
(Font)                  EU1/Calibri(0)/m/n --> EU1/Calibri(0)/bx/n on input lin
e 5.
LaTeX Font Info:    Overwriting math alphabet `\mathit' in version `bold'
(Font)                  OT1/cmr/bx/it --> EU1/Calibri(0)/bx/it on input line 5.

LaTeX Font Info:    Overwriting math alphabet `\mathsf' in version `bold'
(Font)                  OT1/cmss/bx/n --> EU1/Calibri(0)/bx/n on input line 5.
LaTeX Font Info:    Overwriting math alphabet `\mathtt' in version `bold'
(Font)                  OT1/cmtt/m/n --> EU1/Consolas(0)/bx/n on input line 5.
Requested font "Calibri/OT:script=latn;language=DFLT;" at 12.0pt
 -> C:/Windows/Fonts/calibri.ttf
Requested font "Calibri/OT" at 12.0pt
 -> C:/Windows/Fonts/calibri.ttf
Requested font "Calibri/OT:script=cyrl;language=DFLT;mapping=tex-text;" at 12.0
pt
 -> C:/Windows/Fonts/calibri.ttf
Requested font "Calibri/OT:script=cyrl;language=DFLT;" at 12.0pt
 -> C:/Windows/Fonts/calibri.ttf
\AtBeginShipoutBox=\box72
Package hyperref Info: Link coloring ON on input line 5.
 ("C:\Program Files\MiKTeX\tex\latex\hyperref\nameref.sty"
Package: nameref 2012/10/27 v2.43 Cross-referencing by name of section

("C:\Program Files\MiKTeX\tex\generic\oberdiek\gettitlestring.sty"
Package: gettitlestring 2010/12/03 v1.4 Cleanup title references (HO)
)
\c@section@level=\count202
)
LaTeX Info: Redefining \ref on input line 5.
LaTeX Info: Redefining \pageref on input line 5.
LaTeX Info: Redefining \nameref on input line 5.

(Lecture_Records.out) (Lecture_Records.out)
\@outlinefile=\write4
\c@lstlisting=\count203
Package caption Info: Begin \AtBeginDocument code.
Package caption Info: longtable package is loaded.

(C:\Users\·\AppData\Roaming\MiKTeX\2.9\tex\latex\caption\ltcaption.sty
Package: ltcaption 2013/06/09 v1.4-94 longtable captions (AR)
)
Package caption Info: End \AtBeginDocument code.

ABD: EveryShipout initializing macros
Package pgfplots notification 'compat/show suggested version=true': you might b
enefit from \pgfplotsset{compat=1.12} (current compat level: 1.10).

Requested font "Calibri/B/OT:script=cyrl;language=DFLT;mapping=tex-text;" at 12
.0pt
 -> C:/Windows/Fonts/calibrib.ttf
Requested font "Calibri/B/OT:script=cyrl;language=DFLT;mapping=tex-text;" at 24
.88pt
 -> C:/Windows/Fonts/calibrib.ttf
Requested font "Calibri/B/OT:script=cyrl;language=DFLT;mapping=tex-text;" at 17
.28pt
 -> C:/Windows/Fonts/calibrib.ttf
("C:\Program Files\MiKTeX\tex\latex\listings\lstlang1.sty"
File: lstlang1.sty 2015/06/04 1.6 listings language file
)
("C:\Program Files\MiKTeX\tex\latex\listings\lstlang2.sty"
File: lstlang2.sty 2015/06/04 1.6 listings language file
)
("C:\Program Files\MiKTeX\tex\latex\listings\lstlang3.sty"
File: lstlang3.sty 2015/06/04 1.6 listings language file
)
Requested font "Consolas/OT:script=latn;language=DFLT;" at 10.0pt
 -> C:/Windows/Fonts/consola.ttf
Requested font "Consolas/BI/OT" at 10.0pt
 -> C:/Windows/Fonts/consolaz.ttf
Requested font "Consolas/B/OT" at 10.0pt
 -> C:/Windows/Fonts/consolab.ttf
Requested font "Consolas/I/OT" at 10.0pt
 -> C:/Windows/Fonts/consolai.ttf
Requested font "Consolas/OT:script=latn;language=DFLT;" at 12.0pt
 -> C:/Windows/Fonts/consola.ttf
Requested font "Consolas/B/OT" at 10.0pt
 -> C:/Windows/Fonts/consolab.ttf
Requested font "Consolas/B/OT" at 10.0pt
 -> C:/Windows/Fonts/consolab.ttf
Requested font "Consolas/I/OT" at 10.0pt
 -> C:/Windows/Fonts/consolai.ttf
Requested font "Consolas/I/OT" at 10.0pt
 -> C:/Windows/Fonts/consolai.ttf
Requested font "Consolas/BI/OT" at 10.0pt
 -> C:/Windows/Fonts/consolaz.ttf
Requested font "Consolas/BI/OT" at 10.0pt
 -> C:/Windows/Fonts/consolaz.ttf
.................................................
. fontspec info: "defining-font"
. 
. Font family 'Consolas(1)' created for font 'Consolas' with options
. [WordSpace={1,0,0},PunctuationSpace=WordSpace,Script=Cyrillic].
. 
. This font family consists of the following shapes:
. 
. * 'normal' with NFSS spec.:
. <->"Consolas/OT:script=cyrl;language=DFLT;"
. 
. * 'small caps' with NFSS spec.:
. 
. and font adjustment code:
. \fontdimen 2\font =1\fontdimen 2\font \fontdimen 3\font =0\fontdimen 3\font
. \fontdimen 4\font =0\fontdimen 4\font \fontdimen 7\font =0\fontdimen 2\font 
. 
. * 'bold' with NFSS spec.:
. <->"Consolas/B/OT:script=cyrl;language=DFLT;"
. 
. * 'bold small caps' with NFSS spec.:
. 
. and font adjustment code:
. \fontdimen 2\font =1\fontdimen 2\font \fontdimen 3\font =0\fontdimen 3\font
. \fontdimen 4\font =0\fontdimen 4\font \fontdimen 7\font =0\fontdimen 2\font 
. 
. * 'italic' with NFSS spec.:
. <->"Consolas/I/OT:script=cyrl;language=DFLT;"
. 
. * 'small caps' with NFSS spec.:
. 
. and font adjustment code:
. \fontdimen 2\font =1\fontdimen 2\font \fontdimen 3\font =0\fontdimen 3\font
. \fontdimen 4\font =0\fontdimen 4\font \fontdimen 7\font =0\fontdimen 2\font 
. 
. * 'bold italic' with NFSS spec.:
. <->"Consolas/BI/OT:script=cyrl;language=DFLT;"
. 
. * 'bold small caps' with NFSS spec.:
. 
. and font adjustment code:
. \fontdimen 2\font =1\fontdimen 2\font \fontdimen 3\font =0\fontdimen 3\font
. \fontdimen 4\font =0\fontdimen 4\font \fontdimen 7\font =0\fontdimen 2\font 
.................................................
Requested font "Consolas/OT:script=cyrl;language=DFLT;" at 10.0pt
 -> C:/Windows/Fonts/consola.ttf
Requested font "Consolas/OT:script=cyrl;language=DFLT;" at 8.0pt
 -> C:/Windows/Fonts/consola.ttf
Requested font "Consolas/B/OT:script=cyrl;language=DFLT;" at 10.0pt
 -> C:/Windows/Fonts/consolab.ttf
Requested font "Calibri/OT:script=latn;language=DFLT;mapping=tex-text;" at 7.0p
t
 -> C:/Windows/Fonts/calibri.ttf
Requested font "Calibri/OT:script=latn;language=DFLT;mapping=tex-text;" at 5.0p
t
 -> C:/Windows/Fonts/calibri.ttf
Requested font "cmex7" at 7.0pt
Requested font "cmex7" at 5.0pt
LaTeX Font Info:    Try loading font information for U+msa on input line 18.

("C:\Program Files\MiKTeX\tex\latex\amsfonts\umsa.fd"
File: umsa.fd 2013/01/14 v3.01 AMS symbols A
)
Requested font "msam10" at 10.0pt
Requested font "msam7" at 7.0pt
Requested font "msam5" at 5.0pt
LaTeX Font Info:    Try loading font information for U+msb on input line 18.

("C:\Program Files\MiKTeX\tex\latex\amsfonts\umsb.fd"
File: umsb.fd 2013/01/14 v3.01 AMS symbols B
)
Requested font "msbm10" at 10.0pt
Requested font "msbm7" at 7.0pt
Requested font "msbm5" at 5.0pt
Requested font "Calibri/OT:script=latn;language=DFLT;mapping=tex-text;" at 8.0p
t
 -> C:/Windows/Fonts/calibri.ttf
Requested font "Calibri/OT:script=latn;language=DFLT;mapping=tex-text;" at 6.0p
t
 -> C:/Windows/Fonts/calibri.ttf
Requested font "cmmi12" at 12.0pt
Requested font "cmmi8" at 8.0pt
Requested font "cmmi6" at 6.0pt
Requested font "cmsy10" at 12.0pt
Requested font "cmsy8" at 8.0pt
Requested font "cmsy6" at 6.0pt
Requested font "cmex10" at 12.0pt
Requested font "cmex8" at 8.0pt
Requested font "cmex7" at 6.0pt
Requested font "msam10" at 12.0pt
Requested font "msam10" at 8.0pt
Requested font "msam7" at 6.0pt
Requested font "msbm10" at 12.0pt
Requested font "msbm10" at 8.0pt
Requested font "msbm7" at 6.0pt
Requested font "cmr8" at 8.0pt
Requested font "cmr6" at 6.0pt


Package caption Warning: Unused \captionsetup[figure] on input line 218.
See the caption package documentation for explanation.


Package caption Warning: Unused \captionsetup[table] on input line 219.
See the caption package documentation for explanation.

[1

]
Package atveryend Info: Empty hook `BeforeClearDocument' on input line 81.
Package atveryend Info: Empty hook `AfterLastShipout' on input line 81.
 (Lecture_Records.aux)
Package atveryend Info: Empty hook `AtVeryEndDocument' on input line 81.
Package atveryend Info: Empty hook `AtEndAfterFileList' on input line 81.
 ) 
Here is how much of TeX's memory you used:
 46006 strings out of 428755
 982684 string characters out of 3164905
 1203535 words of memory out of 3000000
 48773 multiletter control sequences out of 15000+200000
 10640 words of font info for 78 fonts, out of 3000000 for 9000
 1096 hyphenation exceptions out of 8191
 69i,11n,94p,10435b,1511s stack positions out of 5000i,500n,10000p,200000b,50000s

Output written on Lecture_Records.pdf (1 page).
